<?xml version="1.0" encoding="UTF-8"?>
<testng-results ignored="0" total="1" passed="1" failed="0" skipped="0">
  <reporter-output>
  </reporter-output>
  <suite started-at="2024-05-21T11:13:40 IST" name="Suite" finished-at="2024-05-21T11:13:44 IST" duration-ms="3771">
    <groups>
    </groups>
    <test started-at="2024-05-21T11:13:40 IST" name="Test" finished-at="2024-05-21T11:13:44 IST" duration-ms="3771">
      <class name="extendreporttest.ExtendReportScreenshotMain">
        <test-method is-config="true" signature="configBS()[pri:0, instance:extendreporttest.ExtendReportScreenshotMain@3514a4c0]" started-at="2024-05-21T11:13:40 IST" name="configBS" finished-at="2024-05-21T11:13:40 IST" duration-ms="6" status="PASS">
          <reporter-output>
          </reporter-output>
        </test-method> <!-- configBS -->
        <test-method signature="createContactTest()[pri:0, instance:extendreporttest.ExtendReportScreenshotMain@3514a4c0]" started-at="2024-05-21T11:13:40 IST" name="createContactTest" finished-at="2024-05-21T11:13:44 IST" duration-ms="3734" status="PASS">
          <reporter-output>
          </reporter-output>
        </test-method> <!-- createContactTest -->
        <test-method is-config="true" signature="configAS()[pri:0, instance:extendreporttest.ExtendReportScreenshotMain@3514a4c0]" started-at="2024-05-21T11:13:44 IST" name="configAS" finished-at="2024-05-21T11:13:44 IST" duration-ms="270" status="PASS">
          <reporter-output>
          </reporter-output>
        </test-method> <!-- configAS -->
      </class> <!-- extendreporttest.ExtendReportScreenshotMain -->
    </test> <!-- Test -->
  </suite> <!-- Suite -->
</testng-results>
